<?xml version="1.0" encoding="utf-8"?><testsuites name="pytest tests"><testsuite name="pytest" errors="0" failures="0" skipped="0" tests="27" time="6.573" timestamp="2026-05-15T17:31:47.273744+00:00" hostname="agent-env-804d8263-cb52-4271-838f-250216144763"><testcase classname="tests.test_recuerda_api" name="test_root_health" time="0.358" /><testcase classname="tests.test_recuerda_api.TestAuthProtection" name="test_events_requires_auth" time="0.108" /><testcase classname="tests.test_recuerda_api.TestAuthProtection" name="test_reviews_due_requires_auth" time="0.222" /><testcase classname="tests.test_recuerda_api.TestAuthProtection" name="test_settings_requires_auth" time="0.186" /><testcase classname="tests.test_recuerda_api.TestAuthProtection" name="test_auth_me_requires_auth" time="0.150" /><testcase classname="tests.test_recuerda_api.TestAuthProtection" name="test_invalid_token" time="0.206" /><testcase classname="tests.test_recuerda_api.TestAuthMe" name="test_auth_me_works" time="0.175" /><testcase classname="tests.test_recuerda_api.TestEvents" name="test_create_event" time="0.187" /><testcase classname="tests.test_recuerda_api.TestEvents" name="test_list_events_after_create" time="0.149" /><testcase classname="tests.test_recuerda_api.TestEvents" name="test_create_auto_creates_sm2_card_due_today" time="0.123" /><testcase classname="tests.test_recuerda_api.TestEvents" name="test_update_event" time="0.311" /><testcase classname="tests.test_recuerda_api.TestEvents" name="test_update_nonexistent_404" time="0.123" /><testcase classname="tests.test_recuerda_api.TestEvents" name="test_delete_event_cascades" time="0.368" /><testcase classname="tests.test_recuerda_api.TestEvents" name="test_delete_nonexistent_404" time="0.320" /><testcase classname="tests.test_recuerda_api.TestValidation" name="test_day_too_high" time="0.119" /><testcase classname="tests.test_recuerda_api.TestValidation" name="test_day_too_low" time="0.133" /><testcase classname="tests.test_recuerda_api.TestValidation" name="test_month_too_high" time="0.124" /><testcase classname="tests.test_recuerda_api.TestValidation" name="test_month_too_low" time="0.145" /><testcase classname="tests.test_recuerda_api.TestSM2" name="test_grade_good_increases_interval" time="0.550" /><testcase classname="tests.test_recuerda_api.TestSM2" name="test_grade_again_resets_interval" time="0.127" /><testcase classname="tests.test_recuerda_api.TestSM2" name="test_grade_nonexistent_card" time="0.142" /><testcase classname="tests.test_recuerda_api.TestCalendarPrompts" name="test_prompts_today_week_month" time="0.592" /><testcase classname="tests.test_recuerda_api.TestCalendarPrompts" name="test_grading_prompt_card_logs_and_hides" time="0.592" /><testcase classname="tests.test_recuerda_api.TestCalendarPrompts" name="test_cleanup_prompt_events" time="0.374" /><testcase classname="tests.test_recuerda_api.TestSettings" name="test_get_settings_defaults" time="0.112" /><testcase classname="tests.test_recuerda_api.TestSettings" name="test_update_settings_persists" time="0.259" /><testcase classname="tests.test_recuerda_api.TestSettings" name="test_settings_bounds_validation" time="0.276" /></testsuite></testsuites>